2025-08-16 00:15:36,053 - INFO - Using device: cuda
2025-08-16 00:15:36,054 - INFO - 
--- Data Loading and Preprocessing ---
2025-08-16 00:15:40,156 - INFO - Training samples: 40000
2025-08-16 00:15:40,157 - INFO - Validation samples: 10000
2025-08-16 00:15:40,157 - INFO - Test samples: 10000
2025-08-16 00:15:40,157 - INFO - Number of batches per epoch (train): 625
2025-08-16 00:15:40,158 - INFO - 
--- Model Architecture ---
2025-08-16 00:15:41,698 - INFO - Model: vit_tiny_patch16_224
2025-08-16 00:15:41,699 - INFO - Total parameters: 5,526,346
2025-08-16 00:15:41,699 - INFO - Trainable parameters: 5,526,346
2025-08-16 00:15:41,699 - INFO - Percentage trainable: 100.00%
2025-08-16 00:15:41,700 - INFO - 
--- Training Loop ---
2025-08-16 00:17:55,675 - INFO - Epoch 1/3 | Duration: 133.87s
2025-08-16 00:17:55,675 - INFO - Train Loss: 0.5941 | Train Acc: 79.74%
2025-08-16 00:17:55,675 - INFO - Val Loss: 0.4465 | Val Acc: 84.48%
2025-08-16 00:17:55,896 - INFO - Saved best model checkpoint with Val Acc: 84.48%
2025-08-16 00:19:59,017 - INFO - Epoch 2/3 | Duration: 123.12s
2025-08-16 00:19:59,017 - INFO - Train Loss: 0.3753 | Train Acc: 87.19%
2025-08-16 00:19:59,017 - INFO - Val Loss: 0.3625 | Val Acc: 87.40%
2025-08-16 00:19:59,359 - INFO - Saved best model checkpoint with Val Acc: 87.40%
2025-08-16 00:22:06,971 - INFO - Epoch 3/3 | Duration: 127.61s
2025-08-16 00:22:06,972 - INFO - Train Loss: 0.2920 | Train Acc: 89.95%
2025-08-16 00:22:06,972 - INFO - Val Loss: 0.3090 | Val Acc: 89.33%
2025-08-16 00:22:07,062 - INFO - Saved best model checkpoint with Val Acc: 89.33%
2025-08-16 00:22:07,062 - INFO - 
Training finished!
2025-08-16 00:22:07,063 - INFO - Best Validation Accuracy: 89.33%
2025-08-16 00:22:07,063 - INFO - 
--- Epoch Metrics Log ---
2025-08-16 00:22:07,063 - INFO - [{'epoch': 1, 'train_loss': 0.5941004039764405, 'train_acc': 79.7375, 'val_loss': 0.44648332901000976, 'val_acc': 84.48}, {'epoch': 2, 'train_loss': 0.3752861423492432, 'train_acc': 87.195, 'val_loss': 0.3625254953384399, 'val_acc': 87.4}, {'epoch': 3, 'train_loss': 0.2919977356314659, 'train_acc': 89.9525, 'val_loss': 0.3089741572380066, 'val_acc': 89.33}]
2025-08-16 00:22:07,072 - INFO - Loaded best model weights for final evaluation.
2025-08-16 00:22:07,074 - INFO - 
--- Final Evaluation ---
2025-08-16 00:22:27,931 - INFO - Test Loss: 0.0971 | Test Accuracy: 96.67%
